app/build/intermediates/manifest_merge_blame_file/release/manifest-merger-blame-release-report.txt
1<?xml version="1.0" encoding="utf-8"?>
2<manifest xmlns:android="http://schemas.android.com/apk/res/android"
3    package="com.centicbhaiya.getitsocial"
4    android:versionCode="3"
5    android:versionName="1.0.1" >
6
7    <uses-sdk
8        android:minSdkVersion="24"
9        android:targetSdkVersion="34" />
10
11    <uses-permission
11-->src\main\AndroidManifest.xml:5:5-7:38
12        android:name="android.permission.WRITE_EXTERNAL_STORAGE"
12-->src\main\AndroidManifest.xml:6:9-65
13        android:maxSdkVersion="28" />
13-->src\main\AndroidManifest.xml:7:9-35
14    <!-- <uses-permission android:name="android.permission.READ_EXTERNAL_STORAGE" /> -->
15    <uses-permission android:name="android.permission.INTERNET" />
15-->src\main\AndroidManifest.xml:9:5-67
15-->src\main\AndroidManifest.xml:9:22-64
16    <uses-permission android:name="android.permission.ACCESS_NETWORK_STATE" />
16-->src\main\AndroidManifest.xml:10:5-79
16-->src\main\AndroidManifest.xml:10:22-76
17    <uses-permission android:name="android.permission.WAKE_LOCK" />
17-->[com.google.android.gms:play-services-measurement-api:21.4.0] AndroidManifest.xml:24:5-68
17-->[com.google.android.gms:play-services-measurement-api:21.4.0] AndroidManifest.xml:24:22-65
18    <uses-permission android:name="com.google.android.gms.permission.AD_ID" />
18-->[com.google.android.gms:play-services-measurement-api:21.4.0] AndroidManifest.xml:25:5-79
18-->[com.google.android.gms:play-services-measurement-api:21.4.0] AndroidManifest.xml:25:22-76
19
20    <queries>
20-->[com.facebook.android:facebook-common:16.2.0] AndroidManifest.xml:17:5-19:15
21        <package android:name="com.facebook.katana" />
21-->[com.facebook.android:facebook-common:16.2.0] AndroidManifest.xml:18:9-55
21-->[com.facebook.android:facebook-common:16.2.0] AndroidManifest.xml:18:18-52
22        <!-- For browser content -->
23        <intent>
23-->[com.google.android.gms:play-services-ads-lite:22.4.0] AndroidManifest.xml:38:9-44:18
24            <action android:name="android.intent.action.VIEW" />
24-->[com.facebook.android:facebook-common:16.2.0] AndroidManifest.xml:32:17-69
24-->[com.facebook.android:facebook-common:16.2.0] AndroidManifest.xml:32:25-66
25
26            <category android:name="android.intent.category.BROWSABLE" />
26-->[com.facebook.android:facebook-common:16.2.0] AndroidManifest.xml:35:17-78
26-->[com.facebook.android:facebook-common:16.2.0] AndroidManifest.xml:35:27-75
27
28            <data android:scheme="https" />
28-->src\main\AndroidManifest.xml:36:17-51
29        </intent> <!-- End of browser content -->
30        <!-- For CustomTabsService -->
31        <intent>
31-->[com.google.android.gms:play-services-ads-lite:22.4.0] AndroidManifest.xml:47:9-49:18
32            <action android:name="android.support.customtabs.action.CustomTabsService" />
32-->[com.google.android.gms:play-services-ads-lite:22.4.0] AndroidManifest.xml:48:13-90
32-->[com.google.android.gms:play-services-ads-lite:22.4.0] AndroidManifest.xml:48:21-87
33        </intent>
34    </queries>
35
36    <uses-permission android:name="com.google.android.finsky.permission.BIND_GET_INSTALL_REFERRER_SERVICE" />
36-->[com.google.android.gms:play-services-measurement:21.4.0] AndroidManifest.xml:26:5-110
36-->[com.google.android.gms:play-services-measurement:21.4.0] AndroidManifest.xml:26:22-107
37    <uses-permission android:name="android.permission.ACCESS_ADSERVICES_AD_ID" />
37-->[com.google.android.gms:play-services-ads-lite:22.4.0] AndroidManifest.xml:27:5-82
37-->[com.google.android.gms:play-services-ads-lite:22.4.0] AndroidManifest.xml:27:22-79
38    <uses-permission android:name="android.permission.ACCESS_ADSERVICES_ATTRIBUTION" />
38-->[com.google.android.gms:play-services-ads-lite:22.4.0] AndroidManifest.xml:28:5-88
38-->[com.google.android.gms:play-services-ads-lite:22.4.0] AndroidManifest.xml:28:22-85
39    <uses-permission android:name="android.permission.ACCESS_ADSERVICES_TOPICS" />
39-->[com.google.android.gms:play-services-ads-lite:22.4.0] AndroidManifest.xml:29:5-83
39-->[com.google.android.gms:play-services-ads-lite:22.4.0] AndroidManifest.xml:29:22-80
40    <uses-permission android:name="android.permission.FOREGROUND_SERVICE" />
40-->[androidx.work:work-runtime:2.7.0] AndroidManifest.xml:28:5-77
40-->[androidx.work:work-runtime:2.7.0] AndroidManifest.xml:28:22-74
41
42    <permission
42-->[androidx.core:core:1.12.0] AndroidManifest.xml:22:5-24:47
43        android:name="com.centicbhaiya.getitsocial.DYNAMIC_RECEIVER_NOT_EXPORTED_PERMISSION"
43-->[androidx.core:core:1.12.0] AndroidManifest.xml:23:9-81
44        android:protectionLevel="signature" />
44-->[androidx.core:core:1.12.0] AndroidManifest.xml:24:9-44
45
46    <uses-permission android:name="com.centicbhaiya.getitsocial.DYNAMIC_RECEIVER_NOT_EXPORTED_PERMISSION" />
46-->[androidx.core:core:1.12.0] AndroidManifest.xml:26:5-97
46-->[androidx.core:core:1.12.0] AndroidManifest.xml:26:22-94
47
48    <application
48-->src\main\AndroidManifest.xml:12:5-57:19
49        android:name="com.centicbhaiya.getitsocial.App"
49-->src\main\AndroidManifest.xml:13:9-56
50        android:allowBackup="true"
50-->src\main\AndroidManifest.xml:14:9-35
51        android:appComponentFactory="androidx.core.app.CoreComponentFactory"
51-->[androidx.core:core:1.12.0] AndroidManifest.xml:28:18-86
52        android:dataExtractionRules="@xml/data_extraction_rules"
52-->src\main\AndroidManifest.xml:15:9-65
53        android:extractNativeLibs="false"
54        android:fullBackupContent="@xml/backup_rules"
54-->src\main\AndroidManifest.xml:16:9-54
55        android:icon="@mipmap/logo_launcher"
55-->src\main\AndroidManifest.xml:17:9-45
56        android:label="@string/app_name"
56-->src\main\AndroidManifest.xml:18:9-41
57        android:supportsRtl="true"
57-->src\main\AndroidManifest.xml:19:9-35
58        android:theme="@style/Theme.Myapp" >
58-->src\main\AndroidManifest.xml:20:9-43
59        <activity
59-->src\main\AndroidManifest.xml:23:9-44:20
60            android:name="com.centicbhaiya.getitsocial.MainActivity"
60-->src\main\AndroidManifest.xml:24:13-69
61            android:exported="true"
61-->src\main\AndroidManifest.xml:25:13-36
62            android:screenOrientation="portrait" >
62-->src\main\AndroidManifest.xml:26:13-49
63            <intent-filter>
63-->src\main\AndroidManifest.xml:27:13-30:29
64                <action android:name="android.intent.action.MAIN" />
64-->src\main\AndroidManifest.xml:28:17-69
64-->src\main\AndroidManifest.xml:28:25-66
65
66                <category android:name="android.intent.category.LAUNCHER" />
66-->src\main\AndroidManifest.xml:29:17-77
66-->src\main\AndroidManifest.xml:29:27-74
67            </intent-filter>
68
69            <!-- Intent filter to handle shared links -->
70            <intent-filter>
70-->src\main\AndroidManifest.xml:33:13-43:29
71                <action android:name="android.intent.action.SEND" />
71-->src\main\AndroidManifest.xml:34:17-69
71-->src\main\AndroidManifest.xml:34:25-66
72
73                <category android:name="android.intent.category.DEFAULT" />
73-->src\main\AndroidManifest.xml:35:17-76
73-->src\main\AndroidManifest.xml:35:27-73
74
75                <data android:mimeType="text/*" />
75-->src\main\AndroidManifest.xml:36:17-51
75-->src\main\AndroidManifest.xml:36:23-48
76                <!-- <data android:mimeType="application/*" /> -->
77                <!-- <data android:mimeType="audio/*" /> -->
78                <!-- <data android:mimeType="image/*" /> -->
79                <!-- <data android:mimeType="message/*" /> -->
80                <!-- <data android:mimeType="multipart/*" /> -->
81                <!-- <data android:mimeType="video/*" /> -->
82            </intent-filter>
83        </activity>
84
85        <meta-data
85-->src\main\AndroidManifest.xml:46:9-48:70
86            android:name="com.google.android.gms.ads.APPLICATION_ID"
86-->src\main\AndroidManifest.xml:47:13-69
87            android:value="ca-app-pub-3940256099942544~3347511713" />
87-->src\main\AndroidManifest.xml:48:13-67
88        <meta-data
88-->src\main\AndroidManifest.xml:50:9-52:55
89            android:name="com.facebook.sdk.ApplicationId"
89-->src\main\AndroidManifest.xml:51:13-58
90            android:value="@string/facebook_app_id" />
90-->src\main\AndroidManifest.xml:52:13-52
91        <meta-data
91-->src\main\AndroidManifest.xml:53:9-55:61
92            android:name="com.facebook.sdk.ClientToken"
92-->src\main\AndroidManifest.xml:54:13-56
93            android:value="@string/facebook_client_token" />
93-->src\main\AndroidManifest.xml:55:13-58
94
95        <service
95-->[com.google.firebase:firebase-crashlytics-ktx:18.5.0] AndroidManifest.xml:21:9-27:19
96            android:name="com.google.firebase.components.ComponentDiscoveryService"
96-->[com.google.firebase:firebase-crashlytics-ktx:18.5.0] AndroidManifest.xml:22:13-84
97            android:directBootAware="true"
97-->[com.google.firebase:firebase-common:20.4.2] AndroidManifest.xml:32:13-43
98            android:exported="false" >
98-->[com.google.firebase:firebase-crashlytics-ktx:18.5.0] AndroidManifest.xml:23:13-37
99            <meta-data
99-->[com.google.firebase:firebase-crashlytics-ktx:18.5.0] AndroidManifest.xml:24:13-26:85
100                android:name="com.google.firebase.components:com.google.firebase.crashlytics.ktx.FirebaseCrashlyticsKtxRegistrar"
100-->[com.google.firebase:firebase-crashlytics-ktx:18.5.0] AndroidManifest.xml:25:17-130
101                android:value="com.google.firebase.components.ComponentRegistrar" />
101-->[com.google.firebase:firebase-crashlytics-ktx:18.5.0] AndroidManifest.xml:26:17-82
102            <meta-data
102-->[com.google.firebase:firebase-config-ktx:21.5.0] AndroidManifest.xml:12:13-14:85
103                android:name="com.google.firebase.components:com.google.firebase.remoteconfig.ktx.FirebaseConfigLegacyRegistrar"
103-->[com.google.firebase:firebase-config-ktx:21.5.0] AndroidManifest.xml:13:17-129
104                android:value="com.google.firebase.components.ComponentRegistrar" />
104-->[com.google.firebase:firebase-config-ktx:21.5.0] AndroidManifest.xml:14:17-82
105            <meta-data
105-->[com.google.firebase:firebase-analytics-ktx:21.4.0] AndroidManifest.xml:11:13-13:85
106                android:name="com.google.firebase.components:com.google.firebase.analytics.ktx.FirebaseAnalyticsLegacyRegistrar"
106-->[com.google.firebase:firebase-analytics-ktx:21.4.0] AndroidManifest.xml:12:17-129
107                android:value="com.google.firebase.components.ComponentRegistrar" />
107-->[com.google.firebase:firebase-analytics-ktx:21.4.0] AndroidManifest.xml:13:17-82
108            <meta-data
108-->[com.google.firebase:firebase-crashlytics:18.5.0] AndroidManifest.xml:15:13-17:85
109                android:name="com.google.firebase.components:com.google.firebase.crashlytics.FirebaseCrashlyticsKtxRegistrar"
109-->[com.google.firebase:firebase-crashlytics:18.5.0] AndroidManifest.xml:16:17-126
110                android:value="com.google.firebase.components.ComponentRegistrar" />
110-->[com.google.firebase:firebase-crashlytics:18.5.0] AndroidManifest.xml:17:17-82
111            <meta-data
111-->[com.google.firebase:firebase-crashlytics:18.5.0] AndroidManifest.xml:18:13-20:85
112                android:name="com.google.firebase.components:com.google.firebase.crashlytics.CrashlyticsRegistrar"
112-->[com.google.firebase:firebase-crashlytics:18.5.0] AndroidManifest.xml:19:17-115
113                android:value="com.google.firebase.components.ComponentRegistrar" />
113-->[com.google.firebase:firebase-crashlytics:18.5.0] AndroidManifest.xml:20:17-82
114            <meta-data
114-->[com.google.firebase:firebase-config:21.5.0] AndroidManifest.xml:29:13-31:85
115                android:name="com.google.firebase.components:com.google.firebase.remoteconfig.FirebaseRemoteConfigKtxRegistrar"
115-->[com.google.firebase:firebase-config:21.5.0] AndroidManifest.xml:30:17-128
116                android:value="com.google.firebase.components.ComponentRegistrar" />
116-->[com.google.firebase:firebase-config:21.5.0] AndroidManifest.xml:31:17-82
117            <meta-data
117-->[com.google.firebase:firebase-config:21.5.0] AndroidManifest.xml:32:13-34:85
118                android:name="com.google.firebase.components:com.google.firebase.remoteconfig.RemoteConfigRegistrar"
118-->[com.google.firebase:firebase-config:21.5.0] AndroidManifest.xml:33:17-117
119                android:value="com.google.firebase.components.ComponentRegistrar" />
119-->[com.google.firebase:firebase-config:21.5.0] AndroidManifest.xml:34:17-82
120            <meta-data
120-->[com.google.firebase:firebase-sessions:1.1.0] AndroidManifest.xml:25:13-27:85
121                android:name="com.google.firebase.components:com.google.firebase.sessions.FirebaseSessionsRegistrar"
121-->[com.google.firebase:firebase-sessions:1.1.0] AndroidManifest.xml:26:17-117
122                android:value="com.google.firebase.components.ComponentRegistrar" />
122-->[com.google.firebase:firebase-sessions:1.1.0] AndroidManifest.xml:27:17-82
123            <meta-data
123-->[com.google.android.gms:play-services-measurement-api:21.4.0] AndroidManifest.xml:31:13-33:85
124                android:name="com.google.firebase.components:com.google.firebase.analytics.connector.internal.AnalyticsConnectorRegistrar"
124-->[com.google.android.gms:play-services-measurement-api:21.4.0] AndroidManifest.xml:32:17-139
125                android:value="com.google.firebase.components.ComponentRegistrar" />
125-->[com.google.android.gms:play-services-measurement-api:21.4.0] AndroidManifest.xml:33:17-82
126            <meta-data
126-->[com.google.firebase:firebase-installations:17.2.0] AndroidManifest.xml:15:13-17:85
127                android:name="com.google.firebase.components:com.google.firebase.installations.FirebaseInstallationsKtxRegistrar"
127-->[com.google.firebase:firebase-installations:17.2.0] AndroidManifest.xml:16:17-130
128                android:value="com.google.firebase.components.ComponentRegistrar" />
128-->[com.google.firebase:firebase-installations:17.2.0] AndroidManifest.xml:17:17-82
129            <meta-data
129-->[com.google.firebase:firebase-installations:17.2.0] AndroidManifest.xml:18:13-20:85
130                android:name="com.google.firebase.components:com.google.firebase.installations.FirebaseInstallationsRegistrar"
130-->[com.google.firebase:firebase-installations:17.2.0] AndroidManifest.xml:19:17-127
131                android:value="com.google.firebase.components.ComponentRegistrar" />
131-->[com.google.firebase:firebase-installations:17.2.0] AndroidManifest.xml:20:17-82
132            <meta-data
132-->[com.google.firebase:firebase-common-ktx:20.4.2] AndroidManifest.xml:12:13-14:85
133                android:name="com.google.firebase.components:com.google.firebase.ktx.FirebaseCommonLegacyRegistrar"
133-->[com.google.firebase:firebase-common-ktx:20.4.2] AndroidManifest.xml:13:17-116
134                android:value="com.google.firebase.components.ComponentRegistrar" />
134-->[com.google.firebase:firebase-common-ktx:20.4.2] AndroidManifest.xml:14:17-82
135            <meta-data
135-->[com.google.firebase:firebase-common:20.4.2] AndroidManifest.xml:35:13-37:85
136                android:name="com.google.firebase.components:com.google.firebase.FirebaseCommonKtxRegistrar"
136-->[com.google.firebase:firebase-common:20.4.2] AndroidManifest.xml:36:17-109
137                android:value="com.google.firebase.components.ComponentRegistrar" />
137-->[com.google.firebase:firebase-common:20.4.2] AndroidManifest.xml:37:17-82
138            <meta-data
138-->[com.google.firebase:firebase-abt:21.1.1] AndroidManifest.xml:12:13-14:85
139                android:name="com.google.firebase.components:com.google.firebase.abt.component.AbtRegistrar"
139-->[com.google.firebase:firebase-abt:21.1.1] AndroidManifest.xml:13:17-109
140                android:value="com.google.firebase.components.ComponentRegistrar" />
140-->[com.google.firebase:firebase-abt:21.1.1] AndroidManifest.xml:14:17-82
141            <meta-data
141-->[com.google.firebase:firebase-datatransport:18.1.8] AndroidManifest.xml:27:13-29:85
142                android:name="com.google.firebase.components:com.google.firebase.datatransport.TransportRegistrar"
142-->[com.google.firebase:firebase-datatransport:18.1.8] AndroidManifest.xml:28:17-115
143                android:value="com.google.firebase.components.ComponentRegistrar" />
143-->[com.google.firebase:firebase-datatransport:18.1.8] AndroidManifest.xml:29:17-82
144        </service>
145
146        <activity
146-->[com.facebook.android:facebook-common:16.2.0] AndroidManifest.xml:22:9-25:66
147            android:name="com.facebook.FacebookActivity"
147-->[com.facebook.android:facebook-common:16.2.0] AndroidManifest.xml:23:13-57
148            android:configChanges="keyboard|keyboardHidden|screenLayout|screenSize|orientation"
148-->[com.facebook.android:facebook-common:16.2.0] AndroidManifest.xml:24:13-96
149            android:theme="@style/com_facebook_activity_theme" />
149-->[com.facebook.android:facebook-common:16.2.0] AndroidManifest.xml:25:13-63
150        <activity android:name="com.facebook.CustomTabMainActivity" />
150-->[com.facebook.android:facebook-common:16.2.0] AndroidManifest.xml:26:9-71
150-->[com.facebook.android:facebook-common:16.2.0] AndroidManifest.xml:26:19-68
151        <activity
151-->[com.facebook.android:facebook-common:16.2.0] AndroidManifest.xml:27:9-41:20
152            android:name="com.facebook.CustomTabActivity"
152-->[com.facebook.android:facebook-common:16.2.0] AndroidManifest.xml:28:13-58
153            android:exported="true" >
153-->[com.facebook.android:facebook-common:16.2.0] AndroidManifest.xml:29:13-36
154            <intent-filter>
154-->[com.facebook.android:facebook-common:16.2.0] AndroidManifest.xml:31:13-40:29
155                <action android:name="android.intent.action.VIEW" />
155-->[com.facebook.android:facebook-common:16.2.0] AndroidManifest.xml:32:17-69
155-->[com.facebook.android:facebook-common:16.2.0] AndroidManifest.xml:32:25-66
156
157                <category android:name="android.intent.category.DEFAULT" />
157-->src\main\AndroidManifest.xml:35:17-76
157-->src\main\AndroidManifest.xml:35:27-73
158                <category android:name="android.intent.category.BROWSABLE" />
158-->[com.facebook.android:facebook-common:16.2.0] AndroidManifest.xml:35:17-78
158-->[com.facebook.android:facebook-common:16.2.0] AndroidManifest.xml:35:27-75
159
160                <data
160-->src\main\AndroidManifest.xml:36:17-51
161                    android:host="cct.com.centicbhaiya.getitsocial"
162                    android:scheme="fbconnect" />
163            </intent-filter>
164        </activity>
165
166        <receiver
166-->[com.google.android.gms:play-services-measurement:21.4.0] AndroidManifest.xml:29:9-33:20
167            android:name="com.google.android.gms.measurement.AppMeasurementReceiver"
167-->[com.google.android.gms:play-services-measurement:21.4.0] AndroidManifest.xml:30:13-85
168            android:enabled="true"
168-->[com.google.android.gms:play-services-measurement:21.4.0] AndroidManifest.xml:31:13-35
169            android:exported="false" >
169-->[com.google.android.gms:play-services-measurement:21.4.0] AndroidManifest.xml:32:13-37
170        </receiver>
171
172        <service
172-->[com.google.android.gms:play-services-measurement:21.4.0] AndroidManifest.xml:35:9-38:40
173            android:name="com.google.android.gms.measurement.AppMeasurementService"
173-->[com.google.android.gms:play-services-measurement:21.4.0] AndroidManifest.xml:36:13-84
174            android:enabled="true"
174-->[com.google.android.gms:play-services-measurement:21.4.0] AndroidManifest.xml:37:13-35
175            android:exported="false" />
175-->[com.google.android.gms:play-services-measurement:21.4.0] AndroidManifest.xml:38:13-37
176        <service
176-->[com.google.android.gms:play-services-measurement:21.4.0] AndroidManifest.xml:39:9-43:72
177            android:name="com.google.android.gms.measurement.AppMeasurementJobService"
177-->[com.google.android.gms:play-services-measurement:21.4.0] AndroidManifest.xml:40:13-87
178            android:enabled="true"
178-->[com.google.android.gms:play-services-measurement:21.4.0] AndroidManifest.xml:41:13-35
179            android:exported="false"
179-->[com.google.android.gms:play-services-measurement:21.4.0] AndroidManifest.xml:42:13-37
180            android:permission="android.permission.BIND_JOB_SERVICE" />
180-->[com.google.android.gms:play-services-measurement:21.4.0] AndroidManifest.xml:43:13-69
181
182        <uses-library
182-->[androidx.privacysandbox.ads:ads-adservices:1.0.0-beta05] AndroidManifest.xml:23:9-25:40
183            android:name="android.ext.adservices"
183-->[androidx.privacysandbox.ads:ads-adservices:1.0.0-beta05] AndroidManifest.xml:24:13-50
184            android:required="false" />
184-->[androidx.privacysandbox.ads:ads-adservices:1.0.0-beta05] AndroidManifest.xml:25:13-37
185        <!--
186         The initialization ContentProvider will call FacebookSdk.sdkInitialize automatically
187         with the application context. This config is merged in with the host app's manifest,
188         but there can only be one provider with the same authority activated at any given
189         point; so if the end user has two or more different apps that use Facebook SDK, only the
190         first one will be able to use the provider. To work around this problem, we use the
191         following placeholder in the authority to identify each host application as if it was
192         a completely different provider.
193        -->
194        <provider
194-->[com.facebook.android:facebook-core:16.2.0] AndroidManifest.xml:29:9-32:40
195            android:name="com.facebook.internal.FacebookInitProvider"
195-->[com.facebook.android:facebook-core:16.2.0] AndroidManifest.xml:30:13-70
196            android:authorities="com.centicbhaiya.getitsocial.FacebookInitProvider"
196-->[com.facebook.android:facebook-core:16.2.0] AndroidManifest.xml:31:13-72
197            android:exported="false" />
197-->[com.facebook.android:facebook-core:16.2.0] AndroidManifest.xml:32:13-37
198
199        <receiver
199-->[com.facebook.android:facebook-core:16.2.0] AndroidManifest.xml:34:9-40:20
200            android:name="com.facebook.CurrentAccessTokenExpirationBroadcastReceiver"
200-->[com.facebook.android:facebook-core:16.2.0] AndroidManifest.xml:35:13-86
201            android:exported="false" >
201-->[com.facebook.android:facebook-core:16.2.0] AndroidManifest.xml:36:13-37
202            <intent-filter>
202-->[com.facebook.android:facebook-core:16.2.0] AndroidManifest.xml:37:13-39:29
203                <action android:name="com.facebook.sdk.ACTION_CURRENT_ACCESS_TOKEN_CHANGED" />
203-->[com.facebook.android:facebook-core:16.2.0] AndroidManifest.xml:38:17-95
203-->[com.facebook.android:facebook-core:16.2.0] AndroidManifest.xml:38:25-92
204            </intent-filter>
205        </receiver>
206        <receiver
206-->[com.facebook.android:facebook-core:16.2.0] AndroidManifest.xml:41:9-47:20
207            android:name="com.facebook.AuthenticationTokenManager$CurrentAuthenticationTokenChangedBroadcastReceiver"
207-->[com.facebook.android:facebook-core:16.2.0] AndroidManifest.xml:42:13-118
208            android:exported="false" >
208-->[com.facebook.android:facebook-core:16.2.0] AndroidManifest.xml:43:13-37
209            <intent-filter>
209-->[com.facebook.android:facebook-core:16.2.0] AndroidManifest.xml:44:13-46:29
210                <action android:name="com.facebook.sdk.ACTION_CURRENT_AUTHENTICATION_TOKEN_CHANGED" />
210-->[com.facebook.android:facebook-core:16.2.0] AndroidManifest.xml:45:17-103
210-->[com.facebook.android:facebook-core:16.2.0] AndroidManifest.xml:45:25-100
211            </intent-filter>
212        </receiver>
213
214        <provider
214-->[com.google.firebase:firebase-common:20.4.2] AndroidManifest.xml:23:9-28:39
215            android:name="com.google.firebase.provider.FirebaseInitProvider"
215-->[com.google.firebase:firebase-common:20.4.2] AndroidManifest.xml:24:13-77
216            android:authorities="com.centicbhaiya.getitsocial.firebaseinitprovider"
216-->[com.google.firebase:firebase-common:20.4.2] AndroidManifest.xml:25:13-72
217            android:directBootAware="true"
217-->[com.google.firebase:firebase-common:20.4.2] AndroidManifest.xml:26:13-43
218            android:exported="false"
218-->[com.google.firebase:firebase-common:20.4.2] AndroidManifest.xml:27:13-37
219            android:initOrder="100" /> <!-- Include the AdActivity and InAppPurchaseActivity configChanges and themes. -->
219-->[com.google.firebase:firebase-common:20.4.2] AndroidManifest.xml:28:13-36
220        <activity
220-->[com.google.android.gms:play-services-ads-lite:22.4.0] AndroidManifest.xml:56:9-61:43
221            android:name="com.google.android.gms.ads.AdActivity"
221-->[com.google.android.gms:play-services-ads-lite:22.4.0] AndroidManifest.xml:57:13-65
222            android:configChanges="keyboard|keyboardHidden|orientation|screenLayout|uiMode|screenSize|smallestScreenSize"
222-->[com.google.android.gms:play-services-ads-lite:22.4.0] AndroidManifest.xml:58:13-122
223            android:exported="false"
223-->[com.google.android.gms:play-services-ads-lite:22.4.0] AndroidManifest.xml:59:13-37
224            android:theme="@android:style/Theme.Translucent" />
224-->[com.google.android.gms:play-services-ads-lite:22.4.0] AndroidManifest.xml:60:13-61
225
226        <provider
226-->[com.google.android.gms:play-services-ads-lite:22.4.0] AndroidManifest.xml:63:9-68:43
227            android:name="com.google.android.gms.ads.MobileAdsInitProvider"
227-->[com.google.android.gms:play-services-ads-lite:22.4.0] AndroidManifest.xml:64:13-76
228            android:authorities="com.centicbhaiya.getitsocial.mobileadsinitprovider"
228-->[com.google.android.gms:play-services-ads-lite:22.4.0] AndroidManifest.xml:65:13-73
229            android:exported="false"
229-->[com.google.android.gms:play-services-ads-lite:22.4.0] AndroidManifest.xml:66:13-37
230            android:initOrder="100" />
230-->[com.google.android.gms:play-services-ads-lite:22.4.0] AndroidManifest.xml:67:13-36
231
232        <service
232-->[com.google.android.gms:play-services-ads-lite:22.4.0] AndroidManifest.xml:70:9-74:43
233            android:name="com.google.android.gms.ads.AdService"
233-->[com.google.android.gms:play-services-ads-lite:22.4.0] AndroidManifest.xml:71:13-64
234            android:enabled="true"
234-->[com.google.android.gms:play-services-ads-lite:22.4.0] AndroidManifest.xml:72:13-35
235            android:exported="false" />
235-->[com.google.android.gms:play-services-ads-lite:22.4.0] AndroidManifest.xml:73:13-37
236
237        <activity
237-->[com.google.android.gms:play-services-ads-lite:22.4.0] AndroidManifest.xml:76:9-80:43
238            android:name="com.google.android.gms.ads.OutOfContextTestingActivity"
238-->[com.google.android.gms:play-services-ads-lite:22.4.0] AndroidManifest.xml:77:13-82
239            android:configChanges="keyboard|keyboardHidden|orientation|screenLayout|uiMode|screenSize|smallestScreenSize"
239-->[com.google.android.gms:play-services-ads-lite:22.4.0] AndroidManifest.xml:78:13-122
240            android:exported="false" />
240-->[com.google.android.gms:play-services-ads-lite:22.4.0] AndroidManifest.xml:79:13-37
241
242        <property
242-->[com.google.android.gms:play-services-ads-lite:22.4.0] AndroidManifest.xml:82:9-84:62
243            android:name="android.adservices.AD_SERVICES_CONFIG"
243-->[com.google.android.gms:play-services-ads-lite:22.4.0] AndroidManifest.xml:83:13-65
244            android:resource="@xml/gma_ad_services_config" />
244-->[com.google.android.gms:play-services-ads-lite:22.4.0] AndroidManifest.xml:84:13-59
245
246        <activity
246-->[com.google.android.gms:play-services-base:18.0.0] AndroidManifest.xml:20:9-22:45
247            android:name="com.google.android.gms.common.api.GoogleApiActivity"
247-->[com.google.android.gms:play-services-base:18.0.0] AndroidManifest.xml:20:19-85
248            android:exported="false"
248-->[com.google.android.gms:play-services-base:18.0.0] AndroidManifest.xml:22:19-43
249            android:theme="@android:style/Theme.Translucent.NoTitleBar" />
249-->[com.google.android.gms:play-services-base:18.0.0] AndroidManifest.xml:21:19-78
250
251        <meta-data
251-->[com.google.android.gms:play-services-basement:18.1.0] AndroidManifest.xml:21:9-23:69
252            android:name="com.google.android.gms.version"
252-->[com.google.android.gms:play-services-basement:18.1.0] AndroidManifest.xml:22:13-58
253            android:value="@integer/google_play_services_version" />
253-->[com.google.android.gms:play-services-basement:18.1.0] AndroidManifest.xml:23:13-66
254
255        <provider
255-->[androidx.work:work-runtime:2.7.0] AndroidManifest.xml:31:9-39:20
256            android:name="androidx.startup.InitializationProvider"
256-->[androidx.work:work-runtime:2.7.0] AndroidManifest.xml:32:13-67
257            android:authorities="com.centicbhaiya.getitsocial.androidx-startup"
257-->[androidx.work:work-runtime:2.7.0] AndroidManifest.xml:33:13-68
258            android:exported="false" >
258-->[androidx.work:work-runtime:2.7.0] AndroidManifest.xml:34:13-37
259            <meta-data
259-->[androidx.work:work-runtime:2.7.0] AndroidManifest.xml:36:13-38:52
260                android:name="androidx.work.WorkManagerInitializer"
260-->[androidx.work:work-runtime:2.7.0] AndroidManifest.xml:37:17-68
261                android:value="androidx.startup" />
261-->[androidx.work:work-runtime:2.7.0] AndroidManifest.xml:38:17-49
262            <meta-data
262-->[androidx.emoji2:emoji2:1.3.0] AndroidManifest.xml:29:13-31:52